[www.templatemonster.com/es/demo/55732.html]
[backblue.gif]
[fade.gif]
[index.html]
[s.tmimgcdn.com/img/logo-touch/favicon-16x16623c.png]
[s.tmimgcdn.com/img/logo-touch/favicon-32x32623c.png]
[s.tmimgcdn.com/img/logo-touch/favicon-96x96623c.png]
[s.tmimgcdn.com/img/logo-touch/android-chrome-36623c.png]
[s.tmimgcdn.com/img/logo-touch/android-chrome-48623c.png]
[s.tmimgcdn.com/img/logo-touch/android-chrome-72623c.png]
[s.tmimgcdn.com/img/logo-touch/android-chrome-96623c.png]
[s.tmimgcdn.com/img/logo-touch/android-chrome-144623c.png]
[s.tmimgcdn.com/img/logo-touch/android-chrome-192623c.png]
[s.tmimgcdn.com/img/logo-touch/apple-touch-icon-precomposed623c.png]
[s.tmimgcdn.com/img/logo-touch/apple-touch-icon-180623c.png]
[s.tmimgcdn.com/img/logo-touch/apple-touch-icon-152623c.png]
[s.tmimgcdn.com/img/logo-touch/apple-touch-icon-144623c.png]
[s.tmimgcdn.com/img/logo-touch/apple-touch-icon-120623c.png]
[s.tmimgcdn.com/img/logo-touch/apple-touch-icon-114623c.png]
[s.tmimgcdn.com/img/logo-touch/apple-touch-icon-76623c.png]
[s.tmimgcdn.com/img/logo-touch/apple-touch-icon-72623c.png]
[s.tmimgcdn.com/img/logo-touch/apple-touch-icon-60623c.png]
[s.tmimgcdn.com/img/logo-touch/apple-touch-icon-57623c.png]
[s.tmimgcdn.com/css/standalone/livedemofccd.css]
[s.tmimgcdn.com/css/owl.carousel.minfccd.css]
[s.tmimgcdn.com/css/owl.theme.minfccd.css]
[s.tmimgcdn.com/js/tm/frontend/indclude-js.min9228.js]
[s.tmimgcdn.com/css/svg-iconsfccd.css]
[www.templatemonster.com/es/demo/55732.html]
[www.googletagmanager.com/gtm5445.html]
[s.tmimgcdn.com/css/standalone/livedemofccd.css]
[s.tmimgcdn.com/css/owl.carousel.minfccd.css]
[s.tmimgcdn.com/css/owl.theme.minfccd.css]
[www.templatemonster.com/es/js/config.js]
[www.templatemonster.com/es/demo/callback_notice=closed; expires=03 Jul 2036 21_44_38 GMT; domain=.templatemonster.com; path=/index.html]
[s.tmimgcdn.com/js/tm/frontend/indclude-js.min9228.js]
[www.templatemonster.com/es/demo/callback_notice=closed; expires=03 Jul 2036 21_44_38 GMT; domain=.templatemonster.com; path=/index.html]
[s.tmimgcdn.com/js/plasma-pocket-react/monsterBundle9228.js]
[s.tmimgcdn.com/js/plasma-pocket-react/monsterBundle9228.js]
[s.tmimgcdn.com/css/svg-iconsfccd.css]
[www.templatemonster.com/es/js/config.js]
[www.templatemonster.com/es/demo/callback_notice=closed; expires=03 Jul 2036 21_44_38 GMT; domain=.templatemonster.com; path=/index.html]
[www.templatemonster.com/es/demo/callback_notice=closed; expires=03 Jul 2036 21_44_38 GMT; domain=.templatemonster.com; path=/index.html]
